Nov-12 15:00:21.491 [main] DEBUG nextflow.cli.Launcher - $> nextflow run OrganelleFinder.nf -profile docker -resume
Nov-12 15:00:21.682 [main] INFO  nextflow.cli.CmdRun - N E X T F L O W  ~  version 21.04.0
Nov-12 15:00:21.727 [main] INFO  nextflow.cli.CmdRun - Launching `OrganelleFinder.nf` [tender_minsky] - revision: b51f636638
Nov-12 15:00:21.756 [main] DEBUG nextflow.config.ConfigBuilder - Found config local: /mnt/c/Users/vikto/Documents/Applied_Bioinformatics/pipelines-nextflow/subworkflows/OrganelleFinder/nextflow.config
Nov-12 15:00:21.757 [main] DEBUG nextflow.config.ConfigBuilder - Parsing config file: /mnt/c/Users/vikto/Documents/Applied_Bioinformatics/pipelines-nextflow/subworkflows/OrganelleFinder/nextflow.config
Nov-12 15:00:21.796 [main] DEBUG nextflow.config.ConfigBuilder - Applying config profile: `docker`
Nov-12 15:00:22.880 [main] DEBUG nextflow.config.ConfigBuilder - Available config profiles: [standard, bils, debug, conda, singularity, docker]
Nov-12 15:00:22.921 [main] DEBUG nextflow.plugin.PluginsFacade - Setting up plugin manager > mode=prod; plugins-dir=/home/viktor/.nextflow/plugins
Nov-12 15:00:22.923 [main] DEBUG nextflow.plugin.PluginsFacade - Plugins default=[]
Nov-12 15:00:22.926 [main] DEBUG nextflow.plugin.PluginsFacade - Plugins local root: .nextflow/plr/empty
Nov-12 15:00:22.943 [main] INFO  org.pf4j.DefaultPluginStatusProvider - Enabled plugins: []
Nov-12 15:00:23.038 [main] INFO  org.pf4j.DefaultPluginStatusProvider - Disabled plugins: []
Nov-12 15:00:23.044 [main] INFO  org.pf4j.DefaultPluginManager - PF4J version 3.4.1 in 'deployment' mode
Nov-12 15:00:23.083 [main] INFO  org.pf4j.AbstractPluginManager - No plugins
Nov-12 15:00:23.150 [main] DEBUG nextflow.Session - Session uuid: 2c6fa321-3491-4b86-a9ff-41f7cf92c92d
Nov-12 15:00:23.151 [main] DEBUG nextflow.Session - Run name: tender_minsky
Nov-12 15:00:23.153 [main] DEBUG nextflow.Session - Executor pool size: 8
Nov-12 15:00:23.215 [main] DEBUG nextflow.cli.CmdRun - 
  Version: 21.04.0 build 5552
  Created: 02-05-2021 16:22 UTC (18:22 CEST)
  System: Linux 5.10.16.3-microsoft-standard-WSL2
  Runtime: Groovy 3.0.7 on OpenJDK 64-Bit Server VM 11.0.9.1-internal+0-adhoc..src
  Encoding: UTF-8 (UTF-8)
  Process: 19170@DESKTOP-O9SS2SQ [127.0.1.1]
  CPUs: 8 - Mem: 6.1 GB (3.2 GB) - Swap: 2 GB (2 GB)
Nov-12 15:00:23.289 [main] DEBUG nextflow.Session - Work-dir: /mnt/c/Users/vikto/Documents/Applied_Bioinformatics/pipelines-nextflow/subworkflows/OrganelleFinder/work [v9fs]
Nov-12 15:00:23.291 [main] DEBUG nextflow.Session - Script base path does not exist or is not a directory: /mnt/c/Users/vikto/Documents/Applied_Bioinformatics/pipelines-nextflow/subworkflows/OrganelleFinder/bin
Nov-12 15:00:23.309 [main] DEBUG nextflow.executor.ExecutorFactory - Extension executors providers=[]
Nov-12 15:00:23.328 [main] DEBUG nextflow.Session - Observer factory: DefaultObserverFactory
Nov-12 15:00:23.679 [main] DEBUG nextflow.Session - Session start invoked
Nov-12 15:00:23.690 [main] DEBUG nextflow.trace.TraceFileObserver - Flow starting -- trace file: /mnt/c/Users/vikto/Documents/Applied_Bioinformatics/pipelines-nextflow/subworkflows/OrganelleFinder/pipeline_report/execution_trace.txt
Nov-12 15:00:23.746 [main] WARN  nextflow.NextflowMeta$Preview - DSL 2 PREVIEW MODE IS DEPRECATED - USE THE STABLE VERSION INSTEAD -- Read more at https://www.nextflow.io/docs/latest/dsl2.html#dsl2-migration-notes
Nov-12 15:00:24.454 [main] DEBUG nextflow.script.ScriptRunner - > Launching execution
Nov-12 15:00:24.478 [main] INFO  nextflow.Nextflow - 
NBIS
  _   _ ____ _____  _____
 | \ | |  _ \_   _|/ ____|
 |  \| | |_) || | | (___
 | . ` |  _ < | |  \___ \
 | |\  | |_) || |_ ____) |
 |_| \_|____/_____|_____/  Annotation Service

 Functional annotation workflow
 ===================================

 General parameters
     genome                         : ../../../GCF_000002985.6_WBcel235_genomic.fna
     outdir                         : results

 Blast parameters
     blast_db_fasta                 : ../../../Ref_mitochondria_animal.fna

 
Nov-12 15:00:24.563 [main] DEBUG nextflow.Session - Workflow process names [dsl2]: makeblastdb, blastx
Nov-12 15:00:24.766 [main] DEBUG nextflow.script.ProcessConfig - Config settings `withLabel:blast` matches label `blast` for process with name organelle_finder:makeblastdb
Nov-12 15:00:24.774 [main] DEBUG nextflow.executor.ExecutorFactory - << taskConfig executor: null
Nov-12 15:00:24.775 [main] DEBUG nextflow.executor.ExecutorFactory - >> processorType: 'local'
Nov-12 15:00:24.782 [main] DEBUG nextflow.executor.Executor - [warm up] executor > local
Nov-12 15:00:24.790 [main] DEBUG n.processor.LocalPollingMonitor - Creating local task monitor for executor 'local' > cpus=8; memory=6.1 GB; capacity=8; pollInterval=100ms; dumpInterval=5m
Nov-12 15:00:24.974 [main] DEBUG nextflow.script.ProcessConfig - Config settings `withLabel:blast` matches label `blast` for process with name organelle_finder:blastx
Nov-12 15:00:24.976 [main] DEBUG nextflow.executor.ExecutorFactory - << taskConfig executor: null
Nov-12 15:00:24.977 [main] DEBUG nextflow.executor.ExecutorFactory - >> processorType: 'local'
Nov-12 15:00:25.002 [main] DEBUG nextflow.Session - Ignite dataflow network (4)
Nov-12 15:00:25.015 [main] DEBUG nextflow.processor.TaskProcessor - Starting process > organelle_finder:makeblastdb
Nov-12 15:00:25.018 [main] DEBUG nextflow.processor.TaskProcessor - Starting process > organelle_finder:blastx
Nov-12 15:00:25.021 [main] DEBUG nextflow.script.ScriptRunner - > Await termination 
Nov-12 15:00:25.022 [main] DEBUG nextflow.Session - Session await
Nov-12 15:00:25.382 [Actor Thread 2] INFO  nextflow.processor.TaskProcessor - [ff/79cbc9] Cached process > organelle_finder:makeblastdb (1)
Nov-12 15:00:25.621 [Task submitter] DEBUG nextflow.executor.LocalTaskHandler - Launch cmd line: /bin/bash -ue .command.run
Nov-12 15:00:25.632 [Task submitter] INFO  nextflow.Session - [8f/1735d5] Submitted process > organelle_finder:blastx (1)
Nov-12 15:05:24.921 [Task monitor] DEBUG n.processor.TaskPollingMonitor - !! executor local > tasks to be completed: 1 -- submitted tasks are shown below
~> TaskHandler[id: 2; name: organelle_finder:blastx (1); status: RUNNING; exit: -; error: -; workDir: /mnt/c/Users/vikto/Documents/Applied_Bioinformatics/pipelines-nextflow/subworkflows/OrganelleFinder/work/8f/1735d5767e4d1174a0641f8c338890]
Nov-12 15:10:25.011 [Task monitor] DEBUG n.processor.TaskPollingMonitor - !! executor local > tasks to be completed: 1 -- submitted tasks are shown below
~> TaskHandler[id: 2; name: organelle_finder:blastx (1); status: RUNNING; exit: -; error: -; workDir: /mnt/c/Users/vikto/Documents/Applied_Bioinformatics/pipelines-nextflow/subworkflows/OrganelleFinder/work/8f/1735d5767e4d1174a0641f8c338890]
Nov-12 15:11:31.614 [Task monitor] DEBUG n.processor.TaskPollingMonitor - Task completed > TaskHandler[id: 2; name: organelle_finder:blastx (1); status: COMPLETED; exit: 0; error: -; workDir: /mnt/c/Users/vikto/Documents/Applied_Bioinformatics/pipelines-nextflow/subworkflows/OrganelleFinder/work/8f/1735d5767e4d1174a0641f8c338890]
Nov-12 15:11:31.645 [Task monitor] DEBUG n.util.BlockingThreadExecutorFactory - Thread pool name=FileTransfer; maxThreads=24; maxQueueSize=72; keepAlive=1m
Nov-12 15:11:31.651 [main] DEBUG nextflow.Session - Session await > all process finished
Nov-12 15:11:31.666 [main] DEBUG nextflow.Session - Session await > all barriers passed
Nov-12 15:11:31.675 [main] INFO  nextflow.Nextflow - 
Functional annotation input preparation complete!

Nov-12 15:11:31.686 [main] DEBUG nextflow.trace.WorkflowStatsObserver - Workflow completed > WorkflowStats[succeededCount=1; failedCount=0; ignoredCount=0; cachedCount=1; pendingCount=0; submittedCount=0; runningCount=0; retriesCount=0; abortedCount=0; succeedDuration=11m 1s; failedDuration=0ms; cachedDuration=0ms;loadCpus=0; loadMemory=0; peakRunning=1; peakCpus=1; peakMemory=0; ]
Nov-12 15:11:31.687 [main] DEBUG nextflow.trace.TraceFileObserver - Flow completing -- flushing trace file
Nov-12 15:11:31.690 [main] DEBUG nextflow.trace.ReportObserver - Flow completing -- rendering html report
Nov-12 15:11:31.744 [main] DEBUG nextflow.trace.ReportObserver - Execution report summary data:
  [{"cpuUsage":{"mean":16.9,"min":16.9,"q1":16.9,"q2":16.9,"q3":16.9,"max":16.9,"minLabel":"organelle_finder:makeblastdb (1)","maxLabel":"organelle_finder:makeblastdb (1)","q1Label":"organelle_finder:makeblastdb (1)","q2Label":"organelle_finder:makeblastdb (1)","q3Label":"organelle_finder:makeblastdb (1)"},"process":"makeblastdb","mem":{"mean":3219456,"min":3219456,"q1":3219456,"q2":3219456,"q3":3219456,"max":3219456,"minLabel":"organelle_finder:makeblastdb (1)","maxLabel":"organelle_finder:makeblastdb (1)","q1Label":"organelle_finder:makeblastdb (1)","q2Label":"organelle_finder:makeblastdb (1)","q3Label":"organelle_finder:makeblastdb (1)"},"memUsage":null,"timeUsage":null,"vmem":{"mean":5640192,"min":5640192,"q1":5640192,"q2":5640192,"q3":5640192,"max":5640192,"minLabel":"organelle_finder:makeblastdb (1)","maxLabel":"organelle_finder:makeblastdb (1)","q1Label":"organelle_finder:makeblastdb (1)","q2Label":"organelle_finder:makeblastdb (1)","q3Label":"organelle_finder:makeblastdb (1)"},"reads":{"mean":117241,"min":117241,"q1":117241,"q2":117241,"q3":117241,"max":117241,"minLabel":"organelle_finder:makeblastdb (1)","maxLabel":"organelle_finder:makeblastdb (1)","q1Label":"organelle_finder:makeblastdb (1)","q2Label":"organelle_finder:makeblastdb (1)","q3Label":"organelle_finder:makeblastdb (1)"},"cpu":{"mean":16.9,"min":16.9,"q1":16.9,"q2":16.9,"q3":16.9,"max":16.9,"minLabel":"organelle_finder:makeblastdb (1)","maxLabel":"organelle_finder:makeblastdb (1)","q1Label":"organelle_finder:makeblastdb (1)","q2Label":"organelle_finder:makeblastdb (1)","q3Label":"organelle_finder:makeblastdb (1)"},"time":null,"writes":{"mean":45421,"min":45421,"q1":45421,"q2":45421,"q3":45421,"max":45421,"minLabel":"organelle_finder:makeblastdb (1)","maxLabel":"organelle_finder:makeblastdb (1)","q1Label":"organelle_finder:makeblastdb (1)","q2Label":"organelle_finder:makeblastdb (1)","q3Label":"organelle_finder:makeblastdb (1)"}},{"cpuUsage":{"mean":97.8,"min":97.8,"q1":97.8,"q2":97.8,"q3":97.8,"max":97.8,"minLabel":"organelle_finder:blastx (1)","maxLabel":"organelle_finder:blastx (1)","q1Label":"organelle_finder:blastx (1)","q2Label":"organelle_finder:blastx (1)","q3Label":"organelle_finder:blastx (1)"},"process":"blastx","mem":{"mean":645193728,"min":645193728,"q1":645193728,"q2":645193728,"q3":645193728,"max":645193728,"minLabel":"organelle_finder:blastx (1)","maxLabel":"organelle_finder:blastx (1)","q1Label":"organelle_finder:blastx (1)","q2Label":"organelle_finder:blastx (1)","q3Label":"organelle_finder:blastx (1)"},"memUsage":null,"timeUsage":null,"vmem":{"mean":678572032,"min":678572032,"q1":678572032,"q2":678572032,"q3":678572032,"max":678572032,"minLabel":"organelle_finder:blastx (1)","maxLabel":"organelle_finder:blastx (1)","q1Label":"organelle_finder:blastx (1)","q2Label":"organelle_finder:blastx (1)","q3Label":"organelle_finder:blastx (1)"},"reads":{"mean":101673684,"min":101673684,"q1":101673684,"q2":101673684,"q3":101673684,"max":101673684,"minLabel":"organelle_finder:blastx (1)","maxLabel":"organelle_finder:blastx (1)","q1Label":"organelle_finder:blastx (1)","q2Label":"organelle_finder:blastx (1)","q3Label":"organelle_finder:blastx (1)"},"cpu":{"mean":97.8,"min":97.8,"q1":97.8,"q2":97.8,"q3":97.8,"max":97.8,"minLabel":"organelle_finder:blastx (1)","maxLabel":"organelle_finder:blastx (1)","q1Label":"organelle_finder:blastx (1)","q2Label":"organelle_finder:blastx (1)","q3Label":"organelle_finder:blastx (1)"},"time":{"mean":661000,"min":661000,"q1":661000,"q2":661000,"q3":661000,"max":661000,"minLabel":"organelle_finder:blastx (1)","maxLabel":"organelle_finder:blastx (1)","q1Label":"organelle_finder:blastx (1)","q2Label":"organelle_finder:blastx (1)","q3Label":"organelle_finder:blastx (1)"},"writes":{"mean":28086,"min":28086,"q1":28086,"q2":28086,"q3":28086,"max":28086,"minLabel":"organelle_finder:blastx (1)","maxLabel":"organelle_finder:blastx (1)","q1Label":"organelle_finder:blastx (1)","q2Label":"organelle_finder:blastx (1)","q3Label":"organelle_finder:blastx (1)"}}]
Nov-12 15:11:32.875 [main] DEBUG nextflow.trace.TimelineObserver - Flow completing -- rendering html timeline
Nov-12 15:11:34.366 [main] WARN  nextflow.dag.GraphvizRenderer - To render the execution DAG in the required format it is required to install Graphviz -- See http://www.graphviz.org for more info.
Nov-12 15:11:34.529 [main] DEBUG nextflow.CacheDB - Closing CacheDB done
Nov-12 15:11:34.553 [main] DEBUG nextflow.script.ScriptRunner - > Execution complete -- Goodbye
