USAGE
  blastx [-h] [-help] [-import_search_strategy filename]
    [-export_search_strategy filename] [-task task_name] [-db database_name]
    [-dbsize num_letters] [-gilist filename] [-seqidlist filename]
    [-negative_gilist filename] [-negative_seqidlist filename]
    [-taxids taxids] [-negative_taxids taxids] [-taxidlist filename]
    [-negative_taxidlist filename] [-ipglist filename]
    [-negative_ipglist filename] [-entrez_query entrez_query]
    [-db_soft_mask filtering_algorithm] [-db_hard_mask filtering_algorithm]
    [-subject subject_input_file] [-subject_loc range] [-query input_file]
    [-out output_file] [-evalue evalue] [-word_size int_value]
    [-gapopen open_penalty] [-gapextend extend_penalty]
    [-qcov_hsp_perc float_value] [-max_hsps int_value]
    [-xdrop_ungap float_value] [-xdrop_gap float_value]
    [-xdrop_gap_final float_value] [-searchsp int_value]
    [-sum_stats bool_value] [-max_intron_length length] [-seg SEG_options]
    [-soft_masking soft_masking] [-matrix matrix_name]
    [-threshold float_value] [-culling_limit int_value]
    [-best_hit_overhang float_value] [-best_hit_score_edge float_value]
    [-subject_besthit] [-window_size int_value] [-ungapped] [-lcase_masking]
    [-query_loc range] [-strand strand] [-parse_deflines]
    [-query_gencode int_value] [-outfmt format] [-show_gis]
    [-num_descriptions int_value] [-num_alignments int_value]
    [-line_length line_length] [-html] [-sorthits sort_hits]
    [-sorthsps sort_hsps] [-max_target_seqs num_sequences]
    [-num_threads int_value] [-mt_mode int_value] [-remote]
    [-comp_based_stats compo] [-use_sw_tback] [-version]

DESCRIPTION
   Translated Query-Protein Subject BLAST 2.12.0+

Use '-help' to print detailed descriptions of command line arguments
========================================================================

Error: Too many positional arguments (1), the offending value: Ref_mitochondria_animal.fna.pdb
Error:  (CArgException::eSynopsis) Too many positional arguments (1), the offending value: Ref_mitochondria_animal.fna.pdb
